<?xml version="1.0" encoding="UTF-8"?>
<!-- Generated by org.testng.reporters.JUnitReportReporter -->
<testsuite hostname="Amulya" failures="0" tests="1" name="frameworks.Testcase02" time="9.355" errors="0" timestamp="2024-11-29T11:04:25 IST" skipped="0">
  <testcase classname="frameworks.Testcase02" name="psw" time="9.355"/>
</testsuite> <!-- frameworks.Testcase02 -->
