<?xml version="1.0" encoding="UTF-8"?>
<!-- Generated by org.testng.reporters.JUnitReportReporter -->
<testsuite hostname="Amulya" failures="0" tests="4" name="testNg.Script03" time="0.025" errors="0" timestamp="2024-11-27T11:48:55 IST" skipped="0">
  <testcase classname="testNg.Script03" name="Signup" time="0.010"/>
  <testcase classname="testNg.Script03" name="Login" time="0.002"/>
  <testcase classname="testNg.Script03" name="Homepage" time="0.008"/>
  <testcase classname="testNg.Script03" name="Logout" time="0.005"/>
</testsuite> <!-- testNg.Script03 -->
