<?xml version="1.0" encoding="UTF-8"?>
<!-- Generated by org.testng.reporters.JUnitReportReporter -->
<testsuite hostname="Amulya" failures="0" tests="4" name="testNg.Script04" time="0.011" errors="0" timestamp="2024-11-27T11:48:35 IST" skipped="1">
  <testcase classname="testNg.Script04" name="Signup" time="0.001"/>
  <testcase classname="testNg.Script04" name="Login" time="0.008"/>
  <testcase classname="testNg.Script04" name="Logout" time="0.002"/>
  <testcase classname="testNg.Script04" name="Homepage">
    <skipped/>
  </testcase> <!-- Homepage -->
</testsuite> <!-- testNg.Script04 -->
