<?xml version="1.0" encoding="UTF-8"?>
<!-- Generated by org.testng.reporters.JUnitReportReporter -->
<testsuite hostname="Amulya" failures="0" tests="2" name="testNg.Script01" time="0.015" errors="0" timestamp="2024-11-27T12:05:03 IST" skipped="0">
  <testcase classname="testNg.Script01" name="Testcase" time="0.010">
    <system-out>
      <![CDATA[Hello]]>
    </system-out>
  </testcase> <!-- Testcase -->
  <testcase classname="testNg.Script01" name="Testcase1" time="0.005">
    <system-out>
      <![CDATA[Good Morning]]>
    </system-out>
  </testcase> <!-- Testcase1 -->
  <system-out>
    <![CDATA[Hello
Good Morning]]>
  </system-out>
</testsuite> <!-- testNg.Script01 -->
