<?xml version="1.0" encoding="UTF-8"?>
<!-- Generated by org.testng.reporters.JUnitReportReporter -->
<testsuite hostname="Amulya" failures="0" tests="2" name="testNg.Script02" time="0.017" errors="0" timestamp="2024-11-27T11:43:17 IST" skipped="0">
  <testcase classname="testNg.Script02" name="Testcase" time="0.010">
    <system-out>
      <![CDATA[Hello]]>
    </system-out>
  </testcase> <!-- Testcase -->
  <testcase classname="testNg.Script02" name="Testcase" time="0.007">
    <system-out>
      <![CDATA[Hello]]>
    </system-out>
  </testcase> <!-- Testcase -->
  <system-out>
    <![CDATA[Hello
Hello]]>
  </system-out>
</testsuite> <!-- testNg.Script02 -->
